TN:
SF:src/config.js
FN:18,storeConfiguration
FN:23,getConfig
FNF:2
FNH:0
FNDA:0,storeConfiguration
FNDA:0,getConfig
DA:1,1
DA:3,1
DA:16,1
DA:18,1
DA:19,0
DA:20,0
DA:23,1
LF:7
LH:5
BRF:0
BRH:0
end_of_record
TN:
SF:src/browser/Browser.js
FN:6,Browser
FNF:1
FNH:1
FNDA:3,Browser
DA:1,4
DA:2,4
DA:3,4
DA:6,9
DA:7,3
DA:9,3
DA:13,3
DA:17,3
DA:18,3
DA:24,2
DA:28,1
DA:34,2
DA:41,0
DA:43,0
DA:48,4
LF:15
LH:13
BRDA:6,0,0,0
BRDA:6,0,1,3
BRDA:6,1,0,3
BRDA:6,1,1,0
BRDA:6,2,0,3
BRDA:6,2,1,0
BRDA:6,3,0,3
BRDA:6,3,1,0
BRF:8
BRH:4
end_of_record
TN:
SF:src/expectations/Expectation.js
FN:5,Expectation
FN:10,toExist
FN:14,toBeLessThan
FN:18,toBeEqual
FN:22,toMatchRecording
FN:38,toBeWithinRange
FN:48,toBeMoreThan
FNF:7
FNH:7
FNDA:14,Expectation
FNDA:2,toExist
FNDA:3,toBeLessThan
FNDA:2,toBeEqual
FNDA:2,toMatchRecording
FNDA:2,toBeWithinRange
FNDA:3,toBeMoreThan
DA:1,3
DA:2,3
DA:5,14
DA:6,14
DA:7,14
DA:11,2
DA:15,3
DA:19,2
DA:29,2
DA:31,2
DA:32,1
DA:34,1
DA:39,2
DA:49,3
DA:53,3
LF:15
LH:15
BRDA:11,0,0,2
BRDA:11,0,1,2
BRDA:19,1,0,2
BRDA:19,1,1,2
BRDA:31,2,0,1
BRDA:31,2,1,1
BRDA:40,3,0,2
BRDA:40,3,1,1
BRDA:41,4,0,2
BRDA:41,4,1,2
BRF:10
BRH:10
end_of_record
TN:
SF:src/expectations/assert.js
FN:3,formatString
FN:5,(anonymous_5)
FN:9,AssertionError
FN:17,assert
FNF:4
FNH:4
FNDA:7,formatString
FNDA:14,(anonymous_5)
FNDA:7,AssertionError
FNDA:12,assert
DA:1,1
DA:3,1
DA:4,7
DA:5,14
DA:9,14
DA:10,7
DA:12,7
DA:13,7
DA:17,28
DA:18,12
DA:21,7
DA:23,7
DA:26,1
LF:13
LH:13
BRDA:18,0,0,5
BRDA:18,0,1,7
BRDA:17,1,0,7
BRDA:17,1,1,0
BRDA:21,2,0,7
BRDA:21,2,1,0
BRF:6
BRH:4
end_of_record
TN:
SF:src/expectations/expect.js
FN:3,expect
FNF:1
FNH:1
FNDA:12,expect
DA:1,1
DA:3,12
DA:5,1
LF:3
LH:3
BRF:0
BRH:0
end_of_record
TN:
SF:src/lib/FileWriter.js
FN:7,writeJSONToFile
FN:15,copyFile
FN:19,(anonymous_4)
FN:24,(anonymous_5)
FN:31,copyFiles
FN:32,(anonymous_7)
FN:36,(anonymous_8)
FN:41,checkAndCreateFolder
FN:53,replaceStringInFile
FNF:9
FNH:0
FNDA:0,writeJSONToFile
FNDA:0,copyFile
FNDA:0,(anonymous_4)
FNDA:0,(anonymous_5)
FNDA:0,copyFiles
FNDA:0,(anonymous_7)
FNDA:0,(anonymous_8)
FNDA:0,checkAndCreateFolder
FNDA:0,replaceStringInFile
DA:1,1
DA:2,1
DA:3,1
DA:4,1
DA:7,0
DA:8,0
DA:9,0
DA:10,0
DA:12,0
DA:16,0
DA:17,0
DA:19,0
DA:20,0
DA:21,0
DA:22,0
DA:23,0
DA:25,0
DA:26,0
DA:27,0
DA:32,0
DA:36,0
DA:38,0
DA:42,0
DA:43,0
DA:44,0
DA:46,0
DA:48,0
DA:49,0
DA:54,0
DA:60,0
DA:64,1
LF:31
LH:5
BRDA:7,0,0,0
BRDA:7,0,1,0
BRDA:7,1,0,0
BRDA:7,1,1,0
BRDA:9,2,0,0
BRDA:9,2,1,0
BRDA:43,3,0,0
BRDA:43,3,1,0
BRF:8
BRH:0
end_of_record
TN:
SF:src/lib/PerformanceAnalyzer.js
FN:4,PerformanceAnalyzer
FN:9,getUniqueKey
FN:26,startTracking
FN:35,stopTracking
FN:62,toJSON
FNF:5
FNH:1
FNDA:1,PerformanceAnalyzer
FNDA:0,getUniqueKey
FNDA:0,startTracking
FNDA:0,stopTracking
FNDA:0,toJSON
DA:1,1
DA:4,1
DA:6,1
DA:10,0
DA:11,0
DA:13,0
DA:14,0
DA:17,0
DA:18,0
DA:19,0
DA:20,0
DA:23,0
DA:27,0
DA:28,0
DA:30,0
DA:32,0
DA:36,0
DA:37,0
DA:38,0
DA:40,0
DA:47,0
DA:49,0
DA:57,0
DA:63,0
DA:67,1
LF:25
LH:4
BRDA:13,0,0,0
BRDA:13,0,1,0
BRF:2
BRH:0
end_of_record
TN:
SF:src/lib/constants.js
FNF:0
FNH:0
DA:1,1
DA:3,1
DA:66,1
DA:99,1
DA:182,1
DA:186,1
DA:187,1
DA:188,1
DA:189,1
DA:190,1
DA:191,1
DA:193,1
DA:194,1
DA:195,1
DA:196,1
DA:198,1
DA:199,1
DA:200,1
DA:201,1
DA:203,1
DA:204,1
DA:205,1
DA:207,1
DA:208,1
DA:209,1
DA:211,1
DA:212,1
DA:213,1
DA:215,1
DA:216,1
DA:217,1
DA:218,1
DA:219,1
DA:220,1
DA:221,1
DA:223,1
DA:224,1
DA:226,1
DA:227,1
DA:229,1
DA:230,1
DA:231,1
DA:233,1
DA:235,1
DA:236,1
DA:237,1
DA:238,1
DA:240,1
DA:242,1
LF:49
LH:49
BRF:0
BRH:0
end_of_record
TN:
SF:src/lib/printer.js
FN:15,print
FN:16,printInfo
FN:23,printError
FN:24,printSuccess
FN:25,printWarning
FN:26,printDelimiter
FN:27,printNewLines
FN:29,printFilePatternError
FN:30,printException
FN:37,printBigBrother
FN:43,printTitleTest
FN:44,printFailedTest
FN:46,printRunnerSuccess
FN:53,printRunnerFailure
FNF:14
FNH:0
FNDA:0,print
FNDA:0,printInfo
FNDA:0,printError
FNDA:0,printSuccess
FNDA:0,printWarning
FNDA:0,printDelimiter
FNDA:0,printNewLines
FNDA:0,printFilePatternError
FNDA:0,printException
FNDA:0,printBigBrother
FNDA:0,printTitleTest
FNDA:0,printFailedTest
FNDA:0,printRunnerSuccess
FNDA:0,printRunnerFailure
DA:1,1
DA:2,1
DA:3,1
DA:4,1
DA:6,1
DA:7,1
DA:8,1
DA:9,1
DA:10,1
DA:11,1
DA:12,1
DA:13,1
DA:15,1
DA:16,1
DA:17,0
DA:18,0
DA:19,0
DA:20,0
DA:23,1
DA:24,1
DA:25,1
DA:26,1
DA:27,1
DA:29,1
DA:30,1
DA:31,0
DA:32,0
DA:33,0
DA:37,1
DA:38,0
DA:39,0
DA:40,0
DA:43,1
DA:44,1
DA:46,1
DA:47,0
DA:49,0
DA:50,0
DA:53,1
DA:54,0
DA:55,0
DA:57,0
DA:58,0
DA:59,0
LF:44
LH:26
BRDA:16,0,0,0
BRDA:16,0,1,0
BRDA:18,1,0,0
BRDA:18,1,1,0
BRDA:19,2,0,0
BRDA:19,2,1,0
BRDA:26,3,0,0
BRDA:26,3,1,0
BRDA:26,4,0,0
BRDA:26,4,1,0
BRDA:27,5,0,0
BRDA:27,5,1,0
BRDA:27,6,0,0
BRDA:27,6,1,0
BRDA:32,7,0,0
BRDA:32,7,1,0
BRDA:47,8,0,0
BRDA:47,8,1,0
BRDA:54,9,0,0
BRDA:54,9,1,0
BRDA:55,10,0,0
BRDA:55,10,1,0
BRF:22
BRH:0
end_of_record
TN:
SF:src/lib/utils/object.js
FN:1,deepGet
FN:17,deepSet
FN:38,deepExist
FNF:3
FNH:0
FNDA:0,deepGet
FNDA:0,deepSet
FNDA:0,deepExist
DA:1,1
DA:2,0
DA:3,0
DA:6,0
DA:8,0
DA:9,0
DA:12,0
DA:14,0
DA:17,1
DA:18,0
DA:19,0
DA:22,0
DA:24,0
DA:25,0
DA:26,0
DA:29,0
DA:31,0
DA:33,0
DA:35,0
DA:38,1
LF:20
LH:3
BRDA:2,0,0,0
BRDA:2,0,1,0
BRDA:6,1,0,0
BRDA:6,1,1,0
BRDA:6,2,0,0
BRDA:6,2,1,0
BRDA:8,3,0,0
BRDA:8,3,1,0
BRDA:14,4,0,0
BRDA:14,4,1,0
BRDA:17,5,0,0
BRDA:17,5,1,0
BRDA:17,6,0,0
BRDA:17,6,1,0
BRDA:17,7,0,0
BRDA:17,7,1,0
BRDA:18,8,0,0
BRDA:18,8,1,0
BRDA:22,9,0,0
BRDA:22,9,1,0
BRDA:22,10,0,0
BRDA:22,10,1,0
BRDA:24,11,0,0
BRDA:24,11,1,0
BRDA:31,12,0,0
BRDA:31,12,1,0
BRF:26
BRH:0
end_of_record
TN:
SF:src/lib/utils/url.js
FN:5,isAbsoluteUrl
FN:7,buildUrl
FNF:2
FNH:0
FNDA:0,isAbsoluteUrl
FNDA:0,buildUrl
DA:1,1
DA:3,1
DA:5,1
DA:7,1
DA:8,0
DA:10,0
DA:11,0
LF:7
LH:4
BRDA:8,0,0,0
BRDA:8,0,1,0
BRF:2
BRH:0
end_of_record
TN:
SF:src/page/AssetsHandler.js
FN:2,AssetsHandler
FN:6,reset
FN:10,store
FN:14,has
FN:18,_filterKeys
FN:24,get
FN:25,(anonymous_7)
FN:28,toJSON
FNF:8
FNH:1
FNDA:3,AssetsHandler
FNDA:0,reset
FNDA:0,store
FNDA:0,has
FNDA:0,_filterKeys
FNDA:0,get
FNDA:0,(anonymous_7)
FNDA:0,toJSON
DA:2,3
DA:3,3
DA:7,0
DA:11,0
DA:15,0
DA:19,0
DA:21,0
DA:24,0
DA:25,0
DA:29,0
DA:33,1
LF:11
LH:3
BRF:0
BRH:0
end_of_record
TN:
SF:src/page/PageRecorder.js
FN:9,buildFileName
FN:10,buildRecordingsFolderPath
FN:15,buildRecordingFullPath
FN:20,recordingExists
FN:22,recordPage
FN:32,getPageRecording
FN:39,compareWithStoredRecording
FN:45,(anonymous_7)
FNF:8
FNH:0
FNDA:0,buildFileName
FNDA:0,buildRecordingsFolderPath
FNDA:0,buildRecordingFullPath
FNDA:0,recordingExists
FNDA:0,recordPage
FNDA:0,getPageRecording
FNDA:0,compareWithStoredRecording
FNDA:0,(anonymous_7)
DA:1,1
DA:2,1
DA:3,1
DA:4,1
DA:5,1
DA:6,1
DA:7,1
DA:9,1
DA:10,1
DA:11,0
DA:12,0
DA:15,1
DA:16,0
DA:17,0
DA:20,1
DA:22,1
DA:23,0
DA:24,0
DA:25,0
DA:27,0
DA:28,0
DA:32,1
DA:33,0
DA:34,0
DA:36,0
DA:39,1
DA:40,0
DA:41,0
DA:42,0
DA:43,0
DA:45,0
DA:46,0
DA:47,0
DA:50,0
DA:52,0
LF:35
LH:14
BRDA:27,0,0,0
BRDA:27,0,1,0
BRDA:50,1,0,0
BRDA:50,1,1,0
BRF:4
BRH:0
end_of_record
TN:
SF:src/page/PageWrapper.js
FN:25,PageWrapper
FN:71,_callee
FN:127,(anonymous_9)
FN:132,(anonymous_10)
FN:134,(anonymous_11)
FN:135,(anonymous_12)
FN:137,(anonymous_13)
FN:138,(anonymous_14)
FN:140,(anonymous_15)
FN:142,(anonymous_16)
FN:144,(anonymous_17)
FN:193,(anonymous_18)
FN:193,_callee2
FN:194,(anonymous_21)
FN:194,_callee3
FN:195,(anonymous_24)
FN:195,_callee4
FN:196,(anonymous_27)
FN:196,_callee5
FN:197,(anonymous_30)
FN:197,_callee6
FN:48,getPageName
FN:52,getPageSettings
FN:98,storePageSetting
FN:105,storeTimings
FN:112,getTimings
FN:119,hasPage
FN:123,getKey
FN:172,(anonymous_59)
FN:175,(anonymous_60)
FN:200,(anonymous_77)
FN:200,_callee15
FN:215,(anonymous_85)
FN:215,_callee17
FN:227,(anonymous_93)
FN:227,_callee19
FN:241,(anonymous_105)
FN:241,_callee22
FN:254,(anonymous_113)
FN:254,_callee24
FN:271,toJSON
FNF:41
FNH:3
FNDA:3,PageWrapper
FNDA:0,_callee
FNDA:0,(anonymous_9)
FNDA:0,(anonymous_10)
FNDA:0,(anonymous_11)
FNDA:0,(anonymous_12)
FNDA:0,(anonymous_13)
FNDA:0,(anonymous_14)
FNDA:0,(anonymous_15)
FNDA:0,(anonymous_16)
FNDA:0,(anonymous_17)
FNDA:0,(anonymous_18)
FNDA:0,_callee2
FNDA:0,(anonymous_21)
FNDA:0,_callee3
FNDA:0,(anonymous_24)
FNDA:0,_callee4
FNDA:0,(anonymous_27)
FNDA:0,_callee5
FNDA:0,(anonymous_30)
FNDA:0,_callee6
FNDA:1,getPageName
FNDA:1,getPageSettings
FNDA:0,storePageSetting
FNDA:0,storeTimings
FNDA:0,getTimings
FNDA:0,hasPage
FNDA:0,getKey
FNDA:0,(anonymous_59)
FNDA:0,(anonymous_60)
FNDA:0,(anonymous_77)
FNDA:0,_callee15
FNDA:0,(anonymous_85)
FNDA:0,_callee17
FNDA:0,(anonymous_93)
FNDA:0,_callee19
FNDA:0,(anonymous_105)
FNDA:0,_callee22
FNDA:0,(anonymous_113)
FNDA:0,_callee24
FNDA:0,toJSON
DA:1,1
DA:17,1
DA:18,1
DA:19,1
DA:20,1
DA:21,1
DA:25,48
DA:26,3
DA:28,3
DA:29,3
DA:31,3
DA:34,3
DA:35,3
DA:36,3
DA:37,3
DA:43,3
DA:44,1
DA:49,1
DA:53,1
DA:62,0
DA:67,0
DA:71,0
DA:73,0
DA:82,0
DA:84,0
DA:92,0
DA:94,0
DA:99,0
DA:106,0
DA:113,0
DA:120,0
DA:124,0
DA:128,0
DA:129,0
DA:132,0
DA:134,0
DA:135,0
DA:137,0
DA:138,0
DA:140,0
DA:142,0
DA:143,0
DA:144,0
DA:146,0
DA:147,0
DA:150,0
DA:152,0
DA:161,0
DA:162,0
DA:166,0
DA:167,0
DA:173,0
DA:174,0
DA:175,0
DA:193,0
DA:194,0
DA:195,0
DA:196,0
DA:197,0
DA:200,0
DA:203,0
DA:204,0
DA:205,0
DA:206,0
DA:207,0
DA:209,0
DA:215,0
DA:217,0
DA:218,0
DA:219,0
DA:221,0
DA:227,0
DA:229,0
DA:230,0
DA:231,0
DA:233,0
DA:241,0
DA:243,0
DA:244,0
DA:245,0
DA:246,0
DA:248,0
DA:254,0
DA:256,0
DA:257,0
DA:258,0
DA:260,0
DA:271,0
DA:272,0
DA:279,0
DA:283,1
LF:91
LH:20
BRDA:71,0,0,0
BRDA:71,0,1,0
BRDA:71,0,2,0
BRDA:71,0,3,0
BRDA:71,0,4,0
BRDA:71,1,0,0
BRDA:71,1,1,0
BRDA:146,2,0,0
BRDA:146,2,1,0
BRDA:146,3,0,0
BRDA:146,3,1,0
BRDA:146,3,2,0
BRDA:154,4,0,0
BRDA:154,4,1,0
BRDA:154,4,2,0
BRDA:155,5,0,0
BRDA:155,5,1,0
BRDA:155,5,2,0
BRDA:193,6,0,0
BRDA:193,6,1,0
BRDA:193,6,2,0
BRDA:193,6,3,0
BRDA:194,7,0,0
BRDA:194,7,1,0
BRDA:194,7,2,0
BRDA:194,7,3,0
BRDA:195,8,0,0
BRDA:195,8,1,0
BRDA:195,8,2,0
BRDA:195,8,3,0
BRDA:196,9,0,0
BRDA:196,9,1,0
BRDA:196,9,2,0
BRDA:196,9,3,0
BRDA:197,10,0,0
BRDA:197,10,1,0
BRDA:197,10,2,0
BRDA:197,10,3,0
BRDA:43,11,0,1
BRDA:43,11,1,2
BRDA:78,12,0,0
BRDA:78,12,1,0
BRDA:78,13,0,0
BRDA:78,13,1,0
BRDA:88,14,0,0
BRDA:88,14,1,0
BRDA:88,15,0,0
BRDA:88,15,1,0
BRDA:174,16,0,0
BRDA:174,16,1,0
BRDA:200,17,0,0
BRDA:200,17,1,0
BRDA:200,17,2,0
BRDA:200,17,3,0
BRDA:200,17,4,0
BRDA:200,17,5,0
BRDA:200,18,0,0
BRDA:200,18,1,0
BRDA:201,19,0,0
BRDA:201,19,1,0
BRDA:214,20,0,0
BRDA:214,20,1,0
BRDA:215,21,0,0
BRDA:215,21,1,0
BRDA:215,21,2,0
BRDA:215,21,3,0
BRDA:215,21,4,0
BRDA:215,22,0,0
BRDA:215,22,1,0
BRDA:227,23,0,0
BRDA:227,23,1,0
BRDA:227,23,2,0
BRDA:227,23,3,0
BRDA:227,23,4,0
BRDA:227,24,0,0
BRDA:227,24,1,0
BRDA:241,25,0,0
BRDA:241,25,1,0
BRDA:241,25,2,0
BRDA:241,25,3,0
BRDA:241,25,4,0
BRDA:241,26,0,0
BRDA:241,26,1,0
BRDA:254,27,0,0
BRDA:254,27,1,0
BRDA:254,27,2,0
BRDA:254,27,3,0
BRDA:254,27,4,0
BRDA:254,28,0,0
BRDA:254,28,1,0
BRDA:271,29,0,0
BRDA:271,29,1,0
BRDA:271,30,0,0
BRDA:271,30,1,0
BRDA:271,31,0,0
BRDA:271,31,1,0
BRDA:279,32,0,0
BRDA:279,32,1,0
BRF:98
BRH:2
end_of_record
TN:
SF:src/testHelpers/puppeteerMock.js
FN:3,getPageMock
FN:6,reset
FN:11,getPuppeteerBrowserMock
FN:14,reset
FN:20,getPuppeteerMock
FN:29,reset
FNF:6
FNH:4
FNDA:6,getPageMock
FNDA:3,reset
FNDA:3,getPuppeteerBrowserMock
FNDA:0,reset
FNDA:3,getPuppeteerMock
FNDA:0,reset
DA:1,1
DA:3,7
DA:7,3
DA:11,4
DA:15,0
DA:16,0
DA:20,1
DA:21,3
DA:22,3
DA:24,3
DA:30,0
DA:31,0
DA:36,1
LF:13
LH:9
BRDA:11,0,0,3
BRDA:11,0,1,0
BRDA:11,1,0,3
BRDA:11,1,1,3
BRF:4
BRH:3
end_of_record
